<?xml version="1.0" encoding="UTF-8" ?>
<testsuite tests="5" failures="0" name="runner.TestRunner" time="0.008" errors="0" skipped="0">
  <properties>
    <property name="DISPLAY" value="needs-to-be-defined"/>
    <property name="PROCESSOR_ARCHITECTURE" value="AMD64"/>
    <property name="file.encoding.pkg" value="sun.io"/>
    <property name="MINGW_CHOST" value="x86_64-w64-mingw32"/>
    <property name="LOGONSERVER" value="\\SOURABH-PC"/>
    <property name="ProgramData" value="C:\ProgramData"/>
    <property name="java.home" value="C:\Program Files\Java\jdk1.8.0_101\jre"/>
    <property name="ACLOCAL_PATH" value="C:\Program Files\Git\mingw64\share\aclocal;C:\Program Files\Git\usr\share\aclocal"/>
    <property name="MSYSTEM" value="MINGW64"/>
    <property name="NODE_NAME" value="master"/>
    <property name="PWD" value="C:/Users/Sourabh/.jenkins"/>
    <property name="PRINTER" value="Send To OneNote 2010"/>
    <property name="ALLUSERSPROFILE" value="C:\ProgramData"/>
    <property name="java.endorsed.dirs" value="C:\Program Files\Java\jdk1.8.0_101\jre\lib\endorsed"/>
    <property name="PSModulePath" value="C:\Windows\system32\WindowsPowerShell\v1.0\Modules\"/>
    <property name="=::" value="::\"/>
    <property name="USERDOMAIN" value="Sourabh-PC"/>
    <property name="ORIGINAL_PATH" value="C:\Program Files\Git\mingw64\bin;C:\Program Files\Git\usr\bin;C:\Users\Sourabh\bin;C:\Program Files\Common Files\Microsoft Shared\Windows Live;C:\Program Files (x86)\Common Files\Microsoft Shared\Windows Live;C:\ProgramData\Oracle\Java\javapath;C:\Windows\system32;C:\Windows;C:\Windows\System32\Wbem;C:\Windows\System32\WindowsPowerShell\v1.0;C:\Program Files (x86)\Windows Live\Shared;C:\Program Files\Java\jdk1.8.0_101\bin;C:\Program Files\Git\cmd;C:\Program Files\Microsoft SQL Server\130\Tools\Binn;C:\Program Files\dotnet;C:\Program Files\Java\jdk1.6.0_45\bin"/>
    <property name="sun.os.patch.level" value="Service Pack 1"/>
    <property name="java.vendor.url" value="http://java.oracle.com/"/>
    <property name="PKG_CONFIG_PATH" value="C:\Program Files\Git\mingw64\lib\pkgconfig;C:\Program Files\Git\mingw64\share\pkgconfig"/>
    <property name="CommonProgramFiles(x86)" value="C:\Program Files (x86)\Common Files"/>
    <property name="java.version" value="1.8.0_101"/>
    <property name="JOB_NAME" value="First Maven project"/>
    <property name="COMPUTERNAME" value="SOURABH-PC"/>
    <property name="SYSTEMDRIVE" value="C:"/>
    <property name="FSHARPINSTALLDIR" value="C:\Program Files (x86)\Microsoft SDKs\F#\4.1\Framework\v4.0\"/>
    <property name="windows_tracing_logfile" value="C:\BVTBin\Tests\installpackage\csilogfile.log"/>
    <property name="java.vendor.url.bug" value="http://bugreport.sun.com/bugreport/"/>
    <property name="PUBLIC" value="C:\Users\Public"/>
    <property name="CONFIG_SITE" value="C:/Program Files/Git/mingw64/etc/config.site"/>
    <property name="user.name" value="Sourabh"/>
    <property name="sun.io.unicode.encoding" value="UnicodeLittle"/>
    <property name="sun.jnu.encoding" value="Cp1252"/>
    <property name="java.runtime.name" value="Java(TM) SE Runtime Environment"/>
    <property name="PROCESSOR_IDENTIFIER" value="Intel64 Family 6 Model 42 Stepping 7, GenuineIntel"/>
    <property name="java.specification.name" value="Java Platform API Specification"/>
    <property name="LOCALAPPDATA" value="C:\Users\Sourabh\AppData\Local"/>
    <property name="MSYSTEM_CARCH" value="x86_64"/>
    <property name="user.timezone" value="America/Chicago"/>
    <property name="INFOPATH" value="C:\Program Files\Git\usr\local\info;C:\Program Files\Git\usr\share\info;C:\Program Files\Git\usr\info;C:\Program Files\Git\share\info"/>
    <property name="user.script" value=""/>
    <property name="path.separator" value=";"/>
    <property name="NUMBER_OF_PROCESSORS" value="4"/>
    <property name="BUILD_TAG" value="jenkins-First Maven project-16"/>
    <property name="TERM" value="xterm"/>
    <property name="windows_tracing_flags" value="3"/>
    <property name="file.encoding" value="Cp1252"/>
    <property name="VS140COMNTOOLS" value="C:\Program Files (x86)\Microsoft Visual Studio 14.0\Common7\Tools\"/>
    <property name="PATH" value="C:\Program Files\Java\jdk1.8.0_101/bin;C:\Users\Sourabh\bin;C:\Program Files\Git\mingw64\bin;C:\Program Files\Git\usr\local\bin;C:\Program Files\Git\usr\bin;C:\Program Files\Git\usr\bin;C:\Program Files\Git\mingw64\bin;C:\Program Files\Git\usr\bin;C:\Users\Sourabh\bin;C:\Program Files\Common Files\Microsoft Shared\Windows Live;C:\Program Files (x86)\Common Files\Microsoft Shared\Windows Live;C:\ProgramData\Oracle\Java\javapath;C:\Windows\system32;C:\Windows;C:\Windows\System32\Wbem;C:\Windows\System32\WindowsPowerShell\v1.0;C:\Program Files (x86)\Windows Live\Shared;C:\Program Files\Java\jdk1.8.0_101\bin;C:\Program Files\Git\cmd;C:\Program Files\Microsoft SQL Server\130\Tools\Binn;C:\Program Files\dotnet;C:\Program Files\Java\jdk1.6.0_45\bin;C:\Program Files\Git\usr\bin\vendor_perl;C:\Program Files\Git\usr\bin\core_perl"/>
    <property name="sun.java.command" value="jenkins.maven3.agent.Maven33Main C:\Softwares\apache-maven-3.3.9 C:\Users\Sourabh\.jenkins\war\WEB-INF\lib\remoting-2.62.3.jar C:\Users\Sourabh\.jenkins\plugins\maven-plugin\WEB-INF\lib\maven33-interceptor-1.8.1.jar C:\Users\Sourabh\.jenkins\plugins\maven-plugin\WEB-INF\lib\maven3-interceptor-commons-1.8.1.jar 59815"/>
    <property name="JENKINS_SERVER_COOKIE" value="cddecb2195257b59"/>
    <property name="EXECUTOR_NUMBER" value="1"/>
    <property name="PLINK_PROTOCOL" value="ssh"/>
    <property name="MANPATH" value="C:\Program Files\Git\mingw64\share\man;C:\Program Files\Git\usr\local\man;C:\Program Files\Git\usr\share\man;C:\Program Files\Git\usr\man;C:\Program Files\Git\share\man"/>
    <property name="java.io.tmpdir" value="C:\Users\Sourabh\AppData\Local\Temp\"/>
    <property name="APPDATA" value="C:\Users\Sourabh\AppData\Roaming"/>
    <property name="user.language" value="en"/>
    <property name="SYSTEMROOT" value="C:\Windows"/>
    <property name="line.separator" value="
"/>
    <property name="SHLVL" value="1"/>
    <property name="M2_HOME" value="C:\Softwares\apache-maven-3.3.9"/>
    <property name="COMMONPROGRAMFILES" value="C:\Program Files\Common Files"/>
    <property name="java.vm.info" value="mixed mode"/>
    <property name="sun.desktop" value="windows"/>
    <property name="java.vm.specification.name" value="Java Virtual Machine Specification"/>
    <property name="BUILD_DISPLAY_NAME" value="#16"/>
    <property name="OS" value="Windows_NT"/>
    <property name="LSERVRC" value="C:\ProgramData\HP\Functional testing\License\lservrc"/>
    <property name="guice.disable.misplaced.annotation.check" value="true"/>
    <property name="HUDSON_SERVER_COOKIE" value="cddecb2195257b59"/>
    <property name="PS1" value="\[\033]0;$TITLEPREFIX:${PWD//[^[:ascii:]]/?}\007\]\n\[\033[32m\]\u@\h \[\033[35m\]MINGW64 \[\033[33m\]\w\[\033[36m\]`__git_ps1`\[\033[0m\]\n$ "/>
    <property name="MAVEN_HOME" value="C:\Softwares\apache-maven-3.3.9"/>
    <property name="SESSIONNAME" value="Console"/>
    <property name="PATHEXT" value=".COM;.EXE;.BAT;.CMD;.VBS;.VBE;.JS;.JSE;.WSF;.WSH;.MSC"/>
    <property name="java.awt.printerjob" value="sun.awt.windows.WPrinterJob"/>
    <property name="maven3.interceptor.common" value="C:\Users\Sourabh\.jenkins\plugins\maven-plugin\WEB-INF\lib\maven3-interceptor-commons-1.8.1.jar"/>
    <property name="CLASSPATH" value=""/>
    <property name="ORIGINAL_TEMP" value="C:/Users/Sourabh/AppData/Local/Temp"/>
    <property name="HOMEPATH" value="\Users\Sourabh"/>
    <property name="TMPDIR" value="C:\Users\Sourabh\AppData\Local\Temp"/>
    <property name="os.name" value="Windows 7"/>
    <property name="java.specification.vendor" value="Oracle Corporation"/>
    <property name="FP_NO_HOST_CHECK" value="NO"/>
    <property name="java.vm.name" value="Java HotSpot(TM) 64-Bit Server VM"/>
    <property name="BUILD_NUMBER" value="16"/>
    <property name="maven3.interceptor" value="C:\Users\Sourabh\.jenkins\plugins\maven-plugin\WEB-INF\lib\maven33-interceptor-1.8.1.jar"/>
    <property name="java.library.path" value="C:\Program Files\Java\jdk1.8.0_101\bin;C:\Windows\Sun\Java\bin;C:\Windows\system32;C:\Windows;C:\Softwares\apache-maven-3.3.9/bin;C:\Program Files\Java\jdk1.8.0_101/bin;C:\Program Files\Java\jdk1.8.0_101/bin;C:\Users\Sourabh\bin;C:\Program Files\Git\mingw64\bin;C:\Program Files\Git\usr\local\bin;C:\Program Files\Git\usr\bin;C:\Program Files\Git\usr\bin;C:\Program Files\Git\mingw64\bin;C:\Program Files\Git\usr\bin;C:\Users\Sourabh\bin;C:\Program Files\Common Files\Microsoft Shared\Windows Live;C:\Program Files (x86)\Common Files\Microsoft Shared\Windows Live;C:\ProgramData\Oracle\Java\javapath;C:\Windows\system32;C:\Windows;C:\Windows\System32\Wbem;C:\Windows\System32\WindowsPowerShell\v1.0;C:\Program Files (x86)\Windows Live\Shared;C:\Program Files\Java\jdk1.8.0_101\bin;C:\Program Files\Git\cmd;C:\Program Files\Microsoft SQL Server\130\Tools\Binn;C:\Program Files\dotnet;C:\Program Files\Java\jdk1.6.0_45\bin;C:\Program Files\Git\usr\bin\vendor_perl;C:\Program Files\Git\usr\bin\core_perl;."/>
    <property name="HOMEDRIVE" value="C:"/>
    <property name="POM_GROUPID" value="com.learnautomation.cucumber"/>
    <property name="POM_ARTIFACTID" value="com.learnautomation.cucumber"/>
    <property name="java.class.version" value="52.0"/>
    <property name="MINGW_PACKAGE_PREFIX" value="mingw-w64-x86_64"/>
    <property name="JENKINS_HOME" value="C:\Users\Sourabh\.jenkins"/>
    <property name="BUILD_ID" value="16"/>
    <property name="TEMP" value="C:\Users\Sourabh\AppData\Local\Temp"/>
    <property name="sun.boot.library.path" value="C:\Program Files\Java\jdk1.8.0_101\jre\bin"/>
    <property name="MSYSTEM_PREFIX" value="C:/Program Files/Git/mingw64"/>
    <property name="sun.management.compiler" value="HotSpot 64-Bit Tiered Compilers"/>
    <property name="java.awt.graphicsenv" value="sun.awt.Win32GraphicsEnvironment"/>
    <property name="user.variant" value=""/>
    <property name="PROCESSOR_REVISION" value="2a07"/>
    <property name="POM_VERSION" value="0.0.1-SNAPSHOT"/>
    <property name="HUDSON_HOME" value="C:\Users\Sourabh\.jenkins"/>
    <property name="COMSPEC" value="C:\Windows\system32\cmd.exe"/>
    <property name="ProgramFiles(x86)" value="C:\Program Files (x86)"/>
    <property name="PATH+MAVEN" value="C:\Softwares\apache-maven-3.3.9/bin"/>
    <property name="java.vm.specification.version" value="1.8"/>
    <property name="JAVA_HOME" value="C:\Program Files\Java\jdk1.8.0_101"/>
    <property name="SHELL" value="C:\Program Files\Git\usr\bin\bash"/>
    <property name="awt.toolkit" value="sun.awt.windows.WToolkit"/>
    <property name="NODE_LABELS" value="master"/>
    <property name="PROGRAMFILES" value="C:\Program Files"/>
    <property name="sun.cpu.isalist" value="amd64"/>
    <property name="USERPROFILE" value="C:\Users\Sourabh"/>
    <property name="java.ext.dirs" value="C:\Program Files\Java\jdk1.8.0_101\jre\lib\ext;C:\Windows\Sun\Java\lib\ext"/>
    <property name="os.version" value="6.1"/>
    <property name="user.home" value="C:\Users\Sourabh"/>
    <property name="USERNAME" value="Sourabh"/>
    <property name="_" value="C:/ProgramData/Oracle/Java/javapath/java"/>
    <property name="java.vm.vendor" value="Oracle Corporation"/>
    <property name="PROCESSOR_LEVEL" value="6"/>
    <property name="CommonProgramW6432" value="C:\Program Files\Common Files"/>
    <property name="user.dir" value="C:\Users\Sourabh\workspace\com.learnautomation.cucumber"/>
    <property name="SSH_ASKPASS" value="C:/Program Files/Git/mingw64/libexec/git-core/git-gui--askpass"/>
    <property name="ProgramW6432" value="C:\Program Files"/>
    <property name="TMP" value="C:\Users\Sourabh\AppData\Local\Temp"/>
    <property name="MINGW_PREFIX" value="C:/Program Files/Git/mingw64"/>
    <property name="sun.cpu.endian" value="little"/>
    <property name="LC_ALL" value="C"/>
    <property name="java.vm.version" value="25.101-b13"/>
    <property name="java.class.path" value="C:\Users\Sourabh\.jenkins\plugins\maven-plugin\WEB-INF\lib\maven33-agent-1.8.1.jar;C:\Softwares\apache-maven-3.3.9\boot\plexus-classworlds-2.5.2.jar;C:\Softwares\apache-maven-3.3.9/conf/logging"/>
    <property name="org.slf4j.simpleLogger.defaultLogLevel" value="info"/>
    <property name="os.arch" value="amd64"/>
    <property name="WORKSPACE" value="C:\Users\Sourabh\.jenkins\workspace\First Maven project"/>
    <property name="sun.java.launcher" value="SUN_STANDARD"/>
    <property name="java.vm.specification.vendor" value="Oracle Corporation"/>
    <property name="file.separator" value="\"/>
    <property name="java.runtime.version" value="1.8.0_101-b13"/>
    <property name="sun.boot.class.path" value="C:\Program Files\Java\jdk1.8.0_101\jre\lib\resources.jar;C:\Program Files\Java\jdk1.8.0_101\jre\lib\rt.jar;C:\Program Files\Java\jdk1.8.0_101\jre\lib\sunrsasign.jar;C:\Program Files\Java\jdk1.8.0_101\jre\lib\jsse.jar;C:\Program Files\Java\jdk1.8.0_101\jre\lib\jce.jar;C:\Program Files\Java\jdk1.8.0_101\jre\lib\charsets.jar;C:\Program Files\Java\jdk1.8.0_101\jre\lib\jfr.jar;C:\Program Files\Java\jdk1.8.0_101\jre\classes"/>
    <property name="PATH+JDK" value="C:\Program Files\Java\jdk1.8.0_101/bin"/>
    <property name="user.country" value="US"/>
    <property name="MSYSTEM_CHOST" value="x86_64-w64-mingw32"/>
    <property name="POM_PACKAGING" value="jar"/>
    <property name="maven.home" value="C:\Softwares\apache-maven-3.3.9"/>
    <property name="EXEPATH" value="C:\Program Files\Git"/>
    <property name="ORIGINAL_TMP" value="C:/Users/Sourabh/AppData/Local/Temp"/>
    <property name="JOB_BASE_NAME" value="First Maven project"/>
    <property name="HOSTNAME" value="Sourabh-PC"/>
    <property name="HOME" value="C:\Users\Sourabh"/>
    <property name="java.vendor" value="Oracle Corporation"/>
    <property name="WINDIR" value="C:\Windows"/>
    <property name="POM_DISPLAYNAME" value="com.learnautomation.cucumber"/>
    <property name="java.specification.version" value="1.8"/>
    <property name="sun.arch.data.model" value="64"/>
  </properties>
  <testcase classname="Scenario: Login to Google" name="Given Launch Chrome" time="0.005"/>
  <testcase classname="Scenario: Login to Google" name="And Enter Search Criteria" time="0.003"/>
  <testcase classname="Scenario: Login to Google" name="When I press the Search button" time="0"/>
  <testcase classname="Scenario: Login to Google" name="Then I should be able to see search results" time="0"/>
  <testcase classname="Scenario: Login to Google" name="Scenario: Login to Google" time="0"/>
</testsuite>